2025-03-02 16:31:56,042 - main - INFO - Mensis 星海天測団Misskeyメンテナンスシステムが起動しました
2025-03-02 16:31:56,042 - sendDM_misskey_notification - ERROR - Error sending notification to Misskey: name 'setup_logger' is not defined
2025-03-02 17:49:45,277 - main - INFO - Mensis 星海天測団Misskeyメンテナンスシステムが起動しました
2025-03-02 17:49:45,278 - notice - ERROR - Error sending notification to Misskey: name 'setup_logger' is not defined
2025-03-02 17:54:37,472 - main - INFO - Mensis 星海天測団Misskeyメンテナンスシステムが起動しました
2025-03-02 17:54:37,634 - notice - ERROR - Error sending notification to Misskey: name 'setup_logger' is not defined
2025-03-02 17:58:02,688 - main - INFO - Mensis 星海天測団Misskeyメンテナンスシステムが起動しました
2025-03-02 17:58:02,915 - notice - ERROR - sending notification to Misskey: name 'setup_logger' is not defined
2025-03-02 18:00:10,140 - main - INFO - Mensis 星海天測団Misskeyメンテナンスシステムが起動しました
2025-03-02 18:00:10,513 - notice - ERROR - CODE 001 :sending notification to Misskey: name 'setup_logger' is not defined
2025-03-02 18:06:17,301 - main - INFO - Mensis 星海天測団Misskeyメンテナンスシステムが起動しました
2025-03-02 18:06:17,667 - notice - ERROR - CODE 001 :sending notification to Misskey: name 'setup_logger' is not defined
2025-03-02 18:09:10,045 - main - INFO - Mensis 星海天測団Misskeyメンテナンスシステムが起動しました
2025-03-02 18:09:10,171 - notice - ERROR - CODE 001 :sending notification to Misskey: name 'setup_logger' is not defined
2025-03-02 18:11:57,538 - main - INFO - Mensis 星海天測団Misskeyメンテナンスシステムが起動しました
2025-03-02 18:11:57,753 - sendDM_misskey_notification - INFO - CODE 002
2025-03-02 18:11:57,753 - sendDM_misskey_notification - ERROR - CODE 001 :sending notification to Misskey: name 'setup_logger' is not defined
2025-03-02 18:12:54,075 - main - INFO - Mensis 星海天測団Misskeyメンテナンスシステムが起動しました
2025-03-02 18:12:54,212 - sendDM_misskey_notification - INFO - CODE 002
2025-03-02 18:14:18,613 - main - INFO - Mensis 星海天測団Misskeyメンテナンスシステムが起動しました
2025-03-02 18:14:18,954 - sendDM_misskey_notification - ERROR - sending notification to Misskey: name 'setup_logger' is not defined
2025-03-02 18:18:09,356 - main - INFO - Mensis 星海天測団Misskeyメンテナンスシステムが起動しました
2025-03-02 18:18:09,517 - notification_error - ERROR - 通知送信エラー: name 'error_msg' is not defined
2025-03-02 18:20:15,207 - main - INFO - Mensis 星海天測団Misskeyメンテナンスシステムが起動しました
2025-03-02 18:20:15,347 - sendDM_misskey_notification - ERROR - sending notification to Misskey: name 'setup_logger' is not defined
2025-03-02 18:24:40,576 - main - INFO - Mensis 星海天測団Misskeyメンテナンスシステムが起動しました
2025-03-02 18:24:46,296 - main - INFO - Mensis 星海天測団Misskeyメンテナンスシステムが起動しました
2025-03-02 18:24:49,119 - main - INFO - Mensis 星海天測団Misskeyメンテナンスシステムが起動しました
2025-03-02 18:24:52,090 - main - INFO - Mensis 星海天測団Misskeyメンテナンスシステムが起動しました
2025-03-02 18:24:56,576 - main - INFO - Mensis 星海天測団Misskeyメンテナンスシステムが起動しました
2025-03-02 18:24:59,834 - main - INFO - Mensis 星海天測団Misskeyメンテナンスシステムが起動しました
2025-03-02 18:25:29,328 - main - INFO - Mensis 星海天測団Misskeyメンテナンスシステムが起動しました
2025-03-02 18:25:32,762 - main - INFO - Mensis 星海天測団Misskeyメンテナンスシステムが起動しました
2025-03-02 18:25:36,112 - main - INFO - Mensis 星海天測団Misskeyメンテナンスシステムが起動しました
2025-03-02 18:25:39,815 - main - INFO - Mensis 星海天測団Misskeyメンテナンスシステムが起動しました
2025-03-02 18:25:42,558 - main - INFO - Mensis 星海天測団Misskeyメンテナンスシステムが起動しました
2025-03-02 18:25:45,380 - main - INFO - Mensis 星海天測団Misskeyメンテナンスシステムが起動しました
2025-03-02 18:27:09,414 - main - INFO - Mensis 星海天測団Misskeyメンテナンスシステムが起動しました
2025-03-02 18:27:09,549 - sendDM_misskey_notification - ERROR - sending notification to Misskey: name 'setup_logger' is not defined
2025-03-02 18:29:32,517 - main - INFO - Mensis 星海天測団Misskeyメンテナンスシステムが起動しました
2025-03-02 18:29:37,287 - main - INFO - Mensis 星海天測団Misskeyメンテナンスシステムが起動しました
2025-03-02 18:29:42,389 - main - INFO - Mensis 星海天測団Misskeyメンテナンスシステムが起動しました
2025-03-02 18:29:46,026 - main - INFO - Mensis 星海天測団Misskeyメンテナンスシステムが起動しました
2025-03-02 18:29:49,337 - main - INFO - Mensis 星海天測団Misskeyメンテナンスシステムが起動しました
2025-03-02 18:29:49,464 - sendDM_misskey_notification - ERROR - sending notification to Misskey: name 'setup_logger' is not defined
2025-03-02 18:30:52,692 - main - INFO - Mensis 星海天測団Misskeyメンテナンスシステムが起動しました
2025-03-02 18:30:52,819 - misskey_notification - ERROR - sending notification to Misskey: name 'setup_logger' is not defined
2025-03-02 18:33:32,858 - main - INFO - Mensis 星海天測団Misskeyメンテナンスシステムが起動しました
2025-03-02 18:33:32,985 - misskey_notification - ERROR - sending notification to Misskey: name 'setup_logger' is not defined
2025-03-02 18:35:48,504 - main - INFO - Mensis 星海天測団Misskeyメンテナンスシステムが起動しました
2025-03-02 18:35:48,633 - misskey_notification - ERROR - sending notification to Misskey: name 'setup_logger' is not defined
2025-03-02 18:38:12,131 - main - INFO - Mensis 星海天測団Misskeyメンテナンスシステムが起動しました
2025-03-02 18:38:12,267 - misskey_notification - ERROR - sending notification to Misskey: name 'setup_logger' is not defined
2025-03-02 18:40:08,245 - main - INFO - Mensis 星海天測団Misskeyメンテナンスシステムが起動しました
2025-03-02 18:40:08,529 - misskey_notification - ERROR - sending notification to Misskey: name 'setup_logger' is not defined
2025-03-02 18:41:21,525 - main - INFO - Mensis 星海天測団Misskeyメンテナンスシステムが起動しました
2025-03-02 18:41:21,654 - misskey_notification - INFO - ロガーの設定が完了しました
2025-03-02 18:41:21,654 - misskey_notification - ERROR - sending notification to Misskey: name 'setup_logger' is not defined
2025-03-02 18:45:26,010 - main - INFO - Mensis 星海天測団Misskeyメンテナンスシステムが起動しました
2025-03-02 18:45:29,075 - main - INFO - Mensis 星海天測団Misskeyメンテナンスシステムが起動しました
2025-03-02 18:45:32,188 - main - INFO - Mensis 星海天測団Misskeyメンテナンスシステムが起動しました
2025-03-02 18:45:35,129 - main - INFO - Mensis 星海天測団Misskeyメンテナンスシステムが起動しました
2025-03-02 18:45:37,770 - main - INFO - Mensis 星海天測団Misskeyメンテナンスシステムが起動しました
2025-03-02 18:45:41,471 - main - INFO - Mensis 星海天測団Misskeyメンテナンスシステムが起動しました
2025-03-02 18:45:45,907 - main - INFO - Mensis 星海天測団Misskeyメンテナンスシステムが起動しました
2025-03-02 19:47:03,449 - main - INFO - Mensis 星海天測団Misskeyメンテナンスシステムが起動しました
2025-03-02 19:47:04,039 - misskey_notification - INFO - ロガーの設定が完了しました
2025-03-02 19:47:04,039 - notification_error - ERROR - 通知送信エラー: name 'setup_logger' is not defined
2025-03-02 19:48:57,776 - main - INFO - Mensis 星海天測団Misskeyメンテナンスシステムが起動しました
2025-03-02 19:49:06,743 - main - INFO - Mensis 星海天測団Misskeyメンテナンスシステムが起動しました
2025-03-02 19:49:11,819 - main - INFO - Mensis 星海天測団Misskeyメンテナンスシステムが起動しました
2025-03-02 19:49:16,371 - main - INFO - Mensis 星海天測団Misskeyメンテナンスシステムが起動しました
2025-03-02 19:49:20,855 - main - INFO - Mensis 星海天測団Misskeyメンテナンスシステムが起動しました
2025-03-02 19:49:25,320 - main - INFO - Mensis 星海天測団Misskeyメンテナンスシステムが起動しました
2025-03-02 19:49:30,029 - main - INFO - Mensis 星海天測団Misskeyメンテナンスシステムが起動しました
2025-03-02 19:49:37,513 - main - INFO - Mensis 星海天測団Misskeyメンテナンスシステムが起動しました
2025-03-02 19:49:37,646 - misskey_notification - INFO - ロガーの設定が完了しました
2025-03-02 19:50:42,899 - main - INFO - Mensis 星海天測団Misskeyメンテナンスシステムが起動しました
2025-03-02 19:50:43,024 - misskey_notification - INFO - ロガーの設定が完了しました
2025-03-02 19:51:37,000 - main - INFO - Mensis 星海天測団Misskeyメンテナンスシステムが起動しました
2025-03-02 19:51:37,130 - misskey_notification - INFO - ロガーの設定が完了しました
2025-03-02 19:53:37,155 - main - INFO - Mensis 星海天測団Misskeyメンテナンスシステムが起動しました
2025-03-02 19:53:37,283 - misskey_notification - INFO - ロガーの設定が完了しました
2025-03-02 19:58:14,925 - main - INFO - Mensis 星海天測団Misskeyメンテナンスシステムが起動しました
2025-03-02 19:58:15,208 - misskey_notification - INFO - ロガーの設定が完了しました
2025-03-02 20:00:24,695 - main - INFO - Mensis 星海天測団Misskeyメンテナンスシステムが起動しました
2025-03-02 20:00:37,734 - main - INFO - Mensis 星海天測団Misskeyメンテナンスシステムが起動しました
2025-03-02 20:00:47,191 - main - INFO - Mensis 星海天測団Misskeyメンテナンスシステムが起動しました
2025-03-02 20:00:52,055 - main - INFO - Mensis 星海天測団Misskeyメンテナンスシステムが起動しました
2025-03-02 20:00:57,761 - main - INFO - Mensis 星海天測団Misskeyメンテナンスシステムが起動しました
2025-03-02 20:01:06,985 - misskey_notification - INFO - ロガーの設定が完了しました
2025-03-02 20:01:06,986 - main - INFO - Mensis 星海天測団Misskeyメンテナンスシステムが起動しました
2025-03-02 20:01:40,814 - misskey_notification - INFO - ロガーの設定が完了しました
2025-03-02 20:01:40,815 - main - INFO - Mensis 星海天測団Misskeyメンテナンスシステムが起動しました
2025-03-02 20:02:35,603 - main - INFO - Mensis 星海天測団Misskeyメンテナンスシステムが起動しました
2025-03-02 20:05:56,553 - main - INFO - Mensis 星海天測団Misskeyメンテナンスシステムが起動しました
2025-03-02 20:06:34,302 - main - INFO - Mensis 星海天測団Misskeyメンテナンスシステムが起動しました
2025-03-02 20:07:46,401 - main - INFO - Mensis 星海天測団Misskeyメンテナンスシステムが起動しました
2025-03-02 20:28:24,209 - load_env - INFO - Mensis 星海天測団Misskeyメンテナンスシステムが起動しました
2025-03-02 20:28:29,653 - load_env - INFO - Mensis 星海天測団Misskeyメンテナンスシステムが起動しました
2025-03-02 20:28:34,500 - load_env - INFO - Mensis 星海天測団Misskeyメンテナンスシステムが起動しました
2025-03-02 20:28:39,234 - load_env - INFO - Mensis 星海天測団Misskeyメンテナンスシステムが起動しました
2025-03-02 20:28:44,287 - load_env - INFO - Mensis 星海天測団Misskeyメンテナンスシステムが起動しました
2025-03-02 20:28:48,656 - load_env - INFO - Mensis 星海天測団Misskeyメンテナンスシステムが起動しました
2025-03-02 20:28:53,859 - load_env - INFO - Mensis 星海天測団Misskeyメンテナンスシステムが起動しました
2025-03-02 20:29:02,424 - load_env - INFO - Mensis 星海天測団Misskeyメンテナンスシステムが起動しました
2025-03-02 20:29:16,219 - load_env - INFO - Mensis 星海天測団Misskeyメンテナンスシステムが起動しました
2025-03-02 20:29:16,219 - sendDM_misskey_notification - ERROR - Failed to send notification to Misskey: name 'Path' is not defined
2025-03-02 20:39:25,620 - load_env - INFO - Mensis 星海天測団Misskeyメンテナンスシステムが起動しました
2025-03-02 20:39:25,621 - load_env - INFO - Found .env file at: /scripts/.env
2025-03-02 20:39:25,621 - sendDM_misskey_notification - ERROR - Failed to send notification to Misskey: name 'dotenv' is not defined
2025-03-02 20:41:05,829 - load_env - INFO - Mensis 星海天測団Misskeyメンテナンスシステムが起動しました
2025-03-02 20:41:05,842 - load_env - INFO - Found .env file at: /scripts/.env
2025-03-02 20:41:05,843 - sendDM_misskey_notification - ERROR - Failed to send notification to Misskey: name 'os' is not defined
2025-03-02 20:42:32,680 - load_env - INFO - Mensis 星海天測団Misskeyメンテナンスシステムが起動しました
2025-03-02 20:42:32,681 - load_env - INFO - Found .env file at: /scripts/.env
2025-03-02 20:42:32,682 - load_env - INFO - Environment variables loaded successfully
2025-03-02 20:42:32,682 - sendDM_misskey_notification - INFO - Sending notification to Misskey: https://misskey.seitendan.com/api/notes/create
2025-03-02 20:42:33,339 - sendDM_misskey_notification - INFO - Notification sent successfully: 200
2025-03-02 23:38:17,364 - load_env - INFO - Mensis 星海天測団Misskeyメンテナンスシステムが起動しました
2025-03-02 23:38:17,365 - load_env - INFO - Found .env file at: /scripts/.env
2025-03-02 23:38:17,366 - load_env - INFO - Environment variables loaded successfully
2025-03-02 23:38:17,366 - sendDM_misskey_notification - INFO - Sending notification to Misskey: https://misskey.seitendan.com/api/notes/create
2025-03-02 23:38:17,717 - sendDM_misskey_notification - INFO - Notification sent successfully: 200
2025-03-03 00:58:38,617 - load_env - INFO - Mensis 星海天測団Misskeyメンテナンスシステムが起動しました
2025-03-03 00:58:38,618 - load_env - INFO - Found .env file at: /scripts/.env
2025-03-03 00:58:38,620 - load_env - INFO - Environment variables loaded successfully
2025-03-03 00:58:38,620 - sendDM_misskey_notification - INFO - Sending notification to Misskey: https://misskey.seitendan.com/api/notes/create
2025-03-03 00:58:40,845 - sendDM_misskey_notification - INFO - Notification sent successfully: 200
2025-03-03 01:50:40,858 - load_env - INFO - Found .env file at: /scripts/.env
2025-03-03 01:50:40,859 - load_env - INFO - Environment variables loaded successfully
2025-03-03 01:50:40,860 - post_misskey_notification - INFO - Sending notification to Misskey: https://misskey.seitendan.com/api/notes/create
2025-03-03 01:50:41,061 - post_misskey_notification - INFO - Notification sent successfully: 200
2025-03-03 01:50:41,062 - announcement_maintenance_start - INFO - メンテナンス作業開始のアナウンスを実行
2025-03-03 02:00:41,066 - load_env - INFO - Found .env file at: /scripts/.env
2025-03-03 02:00:41,068 - load_env - INFO - Environment variables loaded successfully
2025-03-03 02:00:41,068 - pg_repack_all_db - INFO - Starting pg_repack for all tables in database: misskey
2025-03-03 02:00:41,068 - pg_repack_all_db - INFO - Running: pg_repack --host=192.168.0.10 --port=15432 --username=misskey --dbname=misskey --jobs=2 --wait-timeout=30000 -a
2025-03-03 07:26:13,041 - pg_repack_all_db - INFO - pg_repack completed successfully
2025-03-03 07:26:13,674 - load_env - INFO - Found .env file at: /scripts/.env
2025-03-03 07:26:13,745 - load_env - INFO - Environment variables loaded successfully
2025-03-03 07:26:13,745 - sendDM_misskey_notification - INFO - Sending notification to Misskey: https://misskey.seitendan.com/api/notes/create
2025-03-03 07:26:14,945 - sendDM_misskey_notification - INFO - Notification sent successfully: 200
2025-03-03 07:26:14,946 - pg_repack_all_db - INFO - テーブルの再構築完了 - 処理時間: 05:25:32
2025-03-03 07:27:14,947 - auto_backup_postgres - ERROR - PG_BACKUP_DAILY environment variable is not set
2025-03-03 07:27:14,947 - load_env - INFO - Found .env file at: /scripts/.env
2025-03-03 07:27:14,949 - load_env - INFO - Environment variables loaded successfully
2025-03-03 07:27:14,949 - sendDM_misskey_notification - INFO - Sending notification to Misskey: https://misskey.seitendan.com/api/notes/create
2025-03-03 07:27:15,504 - sendDM_misskey_notification - INFO - Notification sent successfully: 200
2025-03-03 07:28:04,036 - load_env - INFO - Mensis 星海天測団Misskeyメンテナンスシステムが起動しました
2025-03-03 07:28:04,036 - load_env - INFO - Found .env file at: /scripts/.env
2025-03-03 07:28:04,038 - load_env - INFO - Environment variables loaded successfully
2025-03-03 07:28:04,038 - sendDM_misskey_notification - INFO - Sending notification to Misskey: https://misskey.seitendan.com/api/notes/create
2025-03-03 07:28:05,118 - sendDM_misskey_notification - INFO - Notification sent successfully: 200
2025-03-03 08:00:07,262 - get_disk_usage - INFO - Disk usage: sdiskusage(total=420595859456, used=231453077504, free=167702446080, percent=58.0)
2025-03-03 08:00:25,651 - load_env - INFO - Mensis 星海天測団Misskeyメンテナンスシステムが起動しました
2025-03-03 08:00:25,652 - load_env - INFO - Found .env file at: /scripts/.env
2025-03-03 08:00:25,686 - load_env - INFO - Environment variables loaded successfully
2025-03-03 08:00:25,686 - sendDM_misskey_notification - INFO - Sending notification to Misskey: https://misskey.seitendan.com/api/notes/create
2025-03-03 08:00:26,060 - sendDM_misskey_notification - INFO - Notification sent successfully: 200
